<?xml version="1.0" encoding="UTF-8"?>
<testsuites name="jest tests" tests="2" failures="0" errors="0" time="4.58">
  <testsuite name="test" errors="0" failures="0" skipped="0" timestamp="2021-07-02T14:11:19" time="4.027" tests="2">
    <testcase classname="test test1" name="test test1" time="0.008">
    </testcase>
    <testcase classname="test test1" name="test test1" time="0.001">
    </testcase>
  </testsuite>
</testsuites>